# JRE version: OpenJDK Runtime Environment Microsoft-9889599 (17.0.12+7) (build 17.0.12+7-LTS)
# Java VM: OpenJDK 64-Bit Server VM Microsoft-9889599 (17.0.12+7-LTS, mixed mode, sharing, tiered, compressed oops, compressed class ptrs, g1 gc, windows-amd64)
GC Precious Log:
 CPUs: 4 total, 4 available
 Memory: 16178M
 Large Page Support: Disabled
 NUMA Support: Disabled
 Compressed Oops: Enabled (32-bit)
 Heap Region Size: 1M
 Heap Min Capacity: 8M
 Heap Initial Capacity: 254M
 Heap Max Capacity: 2G
 Pre-touch: Disabled
 Parallel Workers: 4
 Concurrent Workers: 1
 Concurrent Refinement Workers: 4
 Periodic GC: Disabled
Heap:
 garbage-first heap   total 542720K, used 239474K [0x0000000080000000, 0x0000000100000000)
  region size 1024K, 3 young (3072K), 3 survivors (3072K)
 Metaspace       used 148006K, committed 149248K, reserved 557056K
  class space    used 19814K, committed 20416K, reserved 425984K
GC Heap History (20 events):
Event: 591.609 GC heap after
{Heap after GC invocations=99 (full 0):
 garbage-first heap   total 475136K, used 264984K [0x0000000080000000, 0x0000000100000000)
  region size 1024K, 8 young (8192K), 8 survivors (8192K)
 Metaspace       used 147222K, committed 148416K, reserved 557056K
  class space    used 19769K, committed 20352K, reserved 425984K
}
Event: 592.322 GC heap before
{Heap before GC invocations=99 (full 0):
 garbage-first heap   total 475136K, used 418584K [0x0000000080000000, 0x0000000100000000)
  region size 1024K, 158 young (161792K), 8 survivors (8192K)
 Metaspace       used 147240K, committed 148480K, reserved 557056K
  class space    used 19770K, committed 20352K, reserved 425984K
}
Event: 592.333 GC heap after
{Heap after GC invocations=100 (full 0):
 garbage-first heap   total 475136K, used 266374K [0x0000000080000000, 0x0000000100000000)
  region size 1024K, 10 young (10240K), 10 survivors (10240K)
 Metaspace       used 147240K, committed 148480K, reserved 557056K
  class space    used 19770K, committed 20352K, reserved 425984K
}
Event: 592.954 GC heap before
{Heap before GC invocations=100 (full 0):
 garbage-first heap   total 475136K, used 415878K [0x0000000080000000, 0x0000000100000000)
  region size 1024K, 156 young (159744K), 10 survivors (10240K)
 Metaspace       used 147258K, committed 148480K, reserved 557056K
  class space    used 19770K, committed 20352K, reserved 425984K
}
Event: 592.966 GC heap after
{Heap after GC invocations=101 (full 0):
 garbage-first heap   total 475136K, used 267032K [0x0000000080000000, 0x0000000100000000)
  region size 1024K, 10 young (10240K), 10 survivors (10240K)
 Metaspace       used 147258K, committed 148480K, reserved 557056K
  class space    used 19770K, committed 20352K, reserved 425984K
}
Event: 593.455 GC heap before
{Heap before GC invocations=101 (full 0):
 garbage-first heap   total 475136K, used 415511K [0x0000000080000000, 0x0000000100000000)
  region size 1024K, 156 young (159744K), 10 survivors (10240K)
 Metaspace       used 147305K, committed 148544K, reserved 557056K
  class space    used 19770K, committed 20352K, reserved 425984K
}
Event: 593.487 GC heap after
{Heap after GC invocations=102 (full 0):
 garbage-first heap   total 475136K, used 288986K [0x0000000080000000, 0x0000000100000000)
  region size 1024K, 20 young (20480K), 20 survivors (20480K)
 Metaspace       used 147305K, committed 148544K, reserved 557056K
  class space    used 19770K, committed 20352K, reserved 425984K
}
Event: 593.785 GC heap before
{Heap before GC invocations=102 (full 0):
 garbage-first heap   total 475136K, used 401626K [0x0000000080000000, 0x0000000100000000)
  region size 1024K, 130 young (133120K), 20 survivors (20480K)
 Metaspace       used 147325K, committed 148544K, reserved 557056K
  class space    used 19772K, committed 20352K, reserved 425984K
}
Event: 593.817 GC heap after
{Heap after GC invocations=103 (full 0):
 garbage-first heap   total 475136K, used 295424K [0x0000000080000000, 0x0000000100000000)
  region size 1024K, 9 young (9216K), 9 survivors (9216K)
 Metaspace       used 147325K, committed 148544K, reserved 557056K
  class space    used 19772K, committed 20352K, reserved 425984K
}
Event: 594.200 GC heap before
{Heap before GC invocations=103 (full 0):
 garbage-first heap   total 475136K, used 402944K [0x0000000080000000, 0x0000000100000000)
  region size 1024K, 114 young (116736K), 9 survivors (9216K)
 Metaspace       used 147356K, committed 148544K, reserved 557056K
  class space    used 19778K, committed 20352K, reserved 425984K
}
Event: 594.216 GC heap after
{Heap after GC invocations=104 (full 0):
 garbage-first heap   total 475136K, used 296942K [0x0000000080000000, 0x0000000100000000)
  region size 1024K, 10 young (10240K), 10 survivors (10240K)
 Metaspace       used 147356K, committed 148544K, reserved 557056K
  class space    used 19778K, committed 20352K, reserved 425984K
}
Event: 594.557 GC heap before
{Heap before GC invocations=104 (full 0):
 garbage-first heap   total 475136K, used 406510K [0x0000000080000000, 0x0000000100000000)
  region size 1024K, 117 young (119808K), 10 survivors (10240K)
 Metaspace       used 147497K, committed 148672K, reserved 557056K
  class space    used 19799K, committed 20352K, reserved 425984K
}
Event: 594.570 GC heap after
{Heap after GC invocations=105 (full 0):
 garbage-first heap   total 475136K, used 299192K [0x0000000080000000, 0x0000000100000000)
  region size 1024K, 5 young (5120K), 5 survivors (5120K)
 Metaspace       used 147497K, committed 148672K, reserved 557056K
  class space    used 19799K, committed 20352K, reserved 425984K
}
Event: 594.985 GC heap before
{Heap before GC invocations=105 (full 0):
 garbage-first heap   total 475136K, used 407736K [0x0000000080000000, 0x0000000100000000)
  region size 1024K, 112 young (114688K), 5 survivors (5120K)
 Metaspace       used 147847K, committed 149056K, reserved 557056K
  class space    used 19821K, committed 20416K, reserved 425984K
}
Event: 594.998 GC heap after
{Heap after GC invocations=106 (full 0):
 garbage-first heap   total 475136K, used 300216K [0x0000000080000000, 0x0000000100000000)
  region size 1024K, 6 young (6144K), 6 survivors (6144K)
 Metaspace       used 147847K, committed 149056K, reserved 557056K
  class space    used 19821K, committed 20416K, reserved 425984K
}
Event: 596.024 GC heap before
{Heap before GC invocations=107 (full 0):
 garbage-first heap   total 542720K, used 396472K [0x0000000080000000, 0x0000000100000000)
  region size 1024K, 108 young (110592K), 6 survivors (6144K)
 Metaspace       used 147944K, committed 149184K, reserved 557056K
  class space    used 19813K, committed 20416K, reserved 425984K
}
Event: 596.037 GC heap after
{Heap after GC invocations=108 (full 0):
 garbage-first heap   total 542720K, used 293895K [0x0000000080000000, 0x0000000100000000)
  region size 1024K, 7 young (7168K), 7 survivors (7168K)
 Metaspace       used 147944K, committed 149184K, reserved 557056K
  class space    used 19813K, committed 20416K, reserved 425984K
}
Event: 596.121 GC heap before
{Heap before GC invocations=108 (full 0):
 garbage-first heap   total 542720K, used 312327K [0x0000000080000000, 0x0000000100000000)
  region size 1024K, 26 young (26624K), 7 survivors (7168K)
 Metaspace       used 147999K, committed 149248K, reserved 557056K
  class space    used 19813K, committed 20416K, reserved 425984K
}
Event: 596.148 GC heap after
{Heap after GC invocations=109 (full 0):
 garbage-first heap   total 542720K, used 250440K [0x0000000080000000, 0x0000000100000000)
  region size 1024K, 3 young (3072K), 3 survivors (3072K)
 Metaspace       used 147999K, committed 149248K, reserved 557056K
  class space    used 19813K, committed 20416K, reserved 425984K
}
Event: 596.311 GC heap before
{Heap before GC invocations=109 (full 0):
 garbage-first heap   total 542720K, used 273992K [0x0000000080000000, 0x0000000100000000)
  region size 1024K, 26 young (26624K), 3 survivors (3072K)
 Metaspace       used 148006K, committed 149248K, reserved 557056K
  class space    used 19814K, committed 20416K, reserved 425984K
}

