# JRE version: OpenJDK Runtime Environment Microsoft-9889599 (17.0.12+7) (build 17.0.12+7-LTS)
# Java VM: OpenJDK 64-Bit Server VM Microsoft-9889599 (17.0.12+7-LTS, mixed mode, sharing, tiered, compressed oops, compressed class ptrs, g1 gc, windows-amd64)
GC Precious Log:
 CPUs: 4 total, 4 available
 Memory: 16178M
 Large Page Support: Disabled
 NUMA Support: Disabled
 Compressed Oops: Enabled (32-bit)
 Heap Region Size: 1M
 Heap Min Capacity: 8M
 Heap Initial Capacity: 254M
 Heap Max Capacity: 2G
 Pre-touch: Disabled
 Parallel Workers: 4
 Concurrent Workers: 1
 Concurrent Refinement Workers: 4
 Periodic GC: Disabled
Heap:
 garbage-first heap   total 229376K, used 187176K [0x0000000080000000, 0x0000000100000000)
  region size 1024K, 56 young (57344K), 2 survivors (2048K)
 Metaspace       used 111263K, committed 112192K, reserved 557056K
  class space    used 15324K, committed 15808K, reserved 425984K
GC Heap History (20 events):
Event: 30.814 GC heap before
{Heap before GC invocations=36 (full 0):
 garbage-first heap   total 225280K, used 186074K [0x0000000080000000, 0x0000000100000000)
  region size 1024K, 92 young (94208K), 6 survivors (6144K)
 Metaspace       used 80188K, committed 80960K, reserved 557056K
  class space    used 11136K, committed 11520K, reserved 425984K
}
Event: 30.823 GC heap after
{Heap after GC invocations=37 (full 0):
 garbage-first heap   total 225280K, used 102621K [0x0000000080000000, 0x0000000100000000)
  region size 1024K, 12 young (12288K), 12 survivors (12288K)
 Metaspace       used 80188K, committed 80960K, reserved 557056K
  class space    used 11136K, committed 11520K, reserved 425984K
}
Event: 31.905 GC heap before
{Heap before GC invocations=37 (full 0):
 garbage-first heap   total 225280K, used 178397K [0x0000000080000000, 0x0000000100000000)
  region size 1024K, 86 young (88064K), 12 survivors (12288K)
 Metaspace       used 85771K, committed 86592K, reserved 557056K
  class space    used 11880K, committed 12288K, reserved 425984K
}
Event: 31.914 GC heap after
{Heap after GC invocations=38 (full 0):
 garbage-first heap   total 225280K, used 107154K [0x0000000080000000, 0x0000000100000000)
  region size 1024K, 4 young (4096K), 4 survivors (4096K)
 Metaspace       used 85771K, committed 86592K, reserved 557056K
  class space    used 11880K, committed 12288K, reserved 425984K
}
Event: 32.851 GC heap before
{Heap before GC invocations=38 (full 0):
 garbage-first heap   total 225280K, used 181906K [0x0000000080000000, 0x0000000100000000)
  region size 1024K, 77 young (78848K), 4 survivors (4096K)
 Metaspace       used 88572K, committed 89408K, reserved 557056K
  class space    used 12277K, committed 12672K, reserved 425984K
}
Event: 32.859 GC heap after
{Heap after GC invocations=39 (full 0):
 garbage-first heap   total 225280K, used 111831K [0x0000000080000000, 0x0000000100000000)
  region size 1024K, 9 young (9216K), 9 survivors (9216K)
 Metaspace       used 88572K, committed 89408K, reserved 557056K
  class space    used 12277K, committed 12672K, reserved 425984K
}
Event: 35.358 GC heap before
{Heap before GC invocations=39 (full 0):
 garbage-first heap   total 225280K, used 183511K [0x0000000080000000, 0x0000000100000000)
  region size 1024K, 79 young (80896K), 9 survivors (9216K)
 Metaspace       used 93472K, committed 94400K, reserved 557056K
  class space    used 13126K, committed 13568K, reserved 425984K
}
Event: 35.367 GC heap after
{Heap after GC invocations=40 (full 0):
 garbage-first heap   total 225280K, used 114264K [0x0000000080000000, 0x0000000100000000)
  region size 1024K, 8 young (8192K), 8 survivors (8192K)
 Metaspace       used 93472K, committed 94400K, reserved 557056K
  class space    used 13126K, committed 13568K, reserved 425984K
}
Event: 37.425 GC heap before
{Heap before GC invocations=40 (full 0):
 garbage-first heap   total 225280K, used 185944K [0x0000000080000000, 0x0000000100000000)
  region size 1024K, 78 young (79872K), 8 survivors (8192K)
 Metaspace       used 98043K, committed 98944K, reserved 557056K
  class space    used 13779K, committed 14208K, reserved 425984K
}
Event: 37.436 GC heap after
{Heap after GC invocations=41 (full 0):
 garbage-first heap   total 225280K, used 118565K [0x0000000080000000, 0x0000000100000000)
  region size 1024K, 7 young (7168K), 7 survivors (7168K)
 Metaspace       used 98043K, committed 98944K, reserved 557056K
  class space    used 13779K, committed 14208K, reserved 425984K
}
Event: 40.696 GC heap before
{Heap before GC invocations=41 (full 0):
 garbage-first heap   total 225280K, used 188197K [0x0000000080000000, 0x0000000100000000)
  region size 1024K, 75 young (76800K), 7 survivors (7168K)
 Metaspace       used 108123K, committed 109056K, reserved 557056K
  class space    used 15044K, committed 15488K, reserved 425984K
}
Event: 40.709 GC heap after
{Heap after GC invocations=42 (full 0):
 garbage-first heap   total 225280K, used 123932K [0x0000000080000000, 0x0000000100000000)
  region size 1024K, 10 young (10240K), 10 survivors (10240K)
 Metaspace       used 108123K, committed 109056K, reserved 557056K
  class space    used 15044K, committed 15488K, reserved 425984K
}
Event: 42.426 GC heap before
{Heap before GC invocations=42 (full 0):
 garbage-first heap   total 225280K, used 145436K [0x0000000080000000, 0x0000000100000000)
  region size 1024K, 32 young (32768K), 10 survivors (10240K)
 Metaspace       used 108864K, committed 109760K, reserved 557056K
  class space    used 15126K, committed 15552K, reserved 425984K
}
Event: 42.437 GC heap after
{Heap after GC invocations=43 (full 0):
 garbage-first heap   total 225280K, used 126497K [0x0000000080000000, 0x0000000100000000)
  region size 1024K, 3 young (3072K), 3 survivors (3072K)
 Metaspace       used 108864K, committed 109760K, reserved 557056K
  class space    used 15126K, committed 15552K, reserved 425984K
}
Event: 45.129 GC heap before
{Heap before GC invocations=44 (full 0):
 garbage-first heap   total 229376K, used 184865K [0x0000000080000000, 0x0000000100000000)
  region size 1024K, 61 young (62464K), 3 survivors (3072K)
 Metaspace       used 109751K, committed 110720K, reserved 557056K
  class space    used 15243K, committed 15680K, reserved 425984K
}
Event: 45.140 GC heap after
{Heap after GC invocations=45 (full 0):
 garbage-first heap   total 229376K, used 129525K [0x0000000080000000, 0x0000000100000000)
  region size 1024K, 6 young (6144K), 6 survivors (6144K)
 Metaspace       used 109751K, committed 110720K, reserved 557056K
  class space    used 15243K, committed 15680K, reserved 425984K
}
Event: 45.938 GC heap before
{Heap before GC invocations=45 (full 0):
 garbage-first heap   total 229376K, used 134645K [0x0000000080000000, 0x0000000100000000)
  region size 1024K, 11 young (11264K), 6 survivors (6144K)
 Metaspace       used 109769K, committed 110720K, reserved 557056K
  class space    used 15244K, committed 15680K, reserved 425984K
}
Event: 45.949 GC heap after
{Heap after GC invocations=46 (full 0):
 garbage-first heap   total 229376K, used 128441K [0x0000000080000000, 0x0000000100000000)
  region size 1024K, 1 young (1024K), 1 survivors (1024K)
 Metaspace       used 109769K, committed 110720K, reserved 557056K
  class space    used 15244K, committed 15680K, reserved 425984K
}
Event: 48.731 GC heap before
{Heap before GC invocations=46 (full 0):
 garbage-first heap   total 229376K, used 188857K [0x0000000080000000, 0x0000000100000000)
  region size 1024K, 61 young (62464K), 1 survivors (1024K)
 Metaspace       used 109850K, committed 110784K, reserved 557056K
  class space    used 15246K, committed 15680K, reserved 425984K
}
Event: 48.734 GC heap after
{Heap after GC invocations=47 (full 0):
 garbage-first heap   total 229376K, used 128808K [0x0000000080000000, 0x0000000100000000)
  region size 1024K, 2 young (2048K), 2 survivors (2048K)
 Metaspace       used 109850K, committed 110784K, reserved 557056K
  class space    used 15246K, committed 15680K, reserved 425984K
}

