# JRE version: OpenJDK Runtime Environment Microsoft-9889599 (17.0.12+7) (build 17.0.12+7-LTS)
# Java VM: OpenJDK 64-Bit Server VM Microsoft-9889599 (17.0.12+7-LTS, mixed mode, sharing, tiered, compressed oops, compressed class ptrs, g1 gc, windows-amd64)
GC Precious Log:
 CPUs: 4 total, 4 available
 Memory: 16178M
 Large Page Support: Disabled
 NUMA Support: Disabled
 Compressed Oops: Enabled (32-bit)
 Heap Region Size: 1M
 Heap Min Capacity: 8M
 Heap Initial Capacity: 254M
 Heap Max Capacity: 2G
 Pre-touch: Disabled
 Parallel Workers: 4
 Concurrent Workers: 1
 Concurrent Refinement Workers: 4
 Periodic GC: Disabled
Heap:
 garbage-first heap   total 455680K, used 285372K [0x0000000080000000, 0x0000000100000000)
  region size 1024K, 4 young (4096K), 4 survivors (4096K)
 Metaspace       used 129718K, committed 130944K, reserved 557056K
  class space    used 18007K, committed 18624K, reserved 425984K
GC Heap History (20 events):
Event: 108.932 GC heap after
{Heap after GC invocations=64 (full 0):
 garbage-first heap   total 319488K, used 225794K [0x0000000080000000, 0x0000000100000000)
  region size 1024K, 7 young (7168K), 7 survivors (7168K)
 Metaspace       used 120446K, committed 121600K, reserved 557056K
  class space    used 16679K, committed 17280K, reserved 425984K
}
Event: 110.275 GC heap before
{Heap before GC invocations=64 (full 0):
 garbage-first heap   total 319488K, used 267778K [0x0000000080000000, 0x0000000100000000)
  region size 1024K, 48 young (49152K), 7 survivors (7168K)
 Metaspace       used 120609K, committed 121728K, reserved 557056K
  class space    used 16690K, committed 17280K, reserved 425984K
}
Event: 110.301 GC heap after
{Heap after GC invocations=65 (full 0):
 garbage-first heap   total 319488K, used 235396K [0x0000000080000000, 0x0000000100000000)
  region size 1024K, 6 young (6144K), 6 survivors (6144K)
 Metaspace       used 120609K, committed 121728K, reserved 557056K
  class space    used 16690K, committed 17280K, reserved 425984K
}
Event: 111.963 GC heap before
{Heap before GC invocations=65 (full 0):
 garbage-first heap   total 319488K, used 269188K [0x0000000080000000, 0x0000000100000000)
  region size 1024K, 40 young (40960K), 6 survivors (6144K)
 Metaspace       used 120903K, committed 122112K, reserved 557056K
  class space    used 16719K, committed 17344K, reserved 425984K
}
Event: 111.987 GC heap after
{Heap after GC invocations=66 (full 0):
 garbage-first heap   total 319488K, used 242633K [0x0000000080000000, 0x0000000100000000)
  region size 1024K, 5 young (5120K), 5 survivors (5120K)
 Metaspace       used 120903K, committed 122112K, reserved 557056K
  class space    used 16719K, committed 17344K, reserved 425984K
}
Event: 115.052 GC heap before
{Heap before GC invocations=66 (full 0):
 garbage-first heap   total 319488K, used 271305K [0x0000000080000000, 0x0000000100000000)
  region size 1024K, 34 young (34816K), 5 survivors (5120K)
 Metaspace       used 123347K, committed 124480K, reserved 557056K
  class space    used 17142K, committed 17728K, reserved 425984K
}
Event: 115.069 GC heap after
{Heap after GC invocations=67 (full 0):
 garbage-first heap   total 319488K, used 247139K [0x0000000080000000, 0x0000000100000000)
  region size 1024K, 4 young (4096K), 4 survivors (4096K)
 Metaspace       used 123347K, committed 124480K, reserved 557056K
  class space    used 17142K, committed 17728K, reserved 425984K
}
Event: 115.141 GC heap before
{Heap before GC invocations=67 (full 0):
 garbage-first heap   total 319488K, used 273763K [0x0000000080000000, 0x0000000100000000)
  region size 1024K, 30 young (30720K), 4 survivors (4096K)
 Metaspace       used 123352K, committed 124480K, reserved 557056K
  class space    used 17142K, committed 17728K, reserved 425984K
}
Event: 115.150 GC heap after
{Heap after GC invocations=68 (full 0):
 garbage-first heap   total 319488K, used 252873K [0x0000000080000000, 0x0000000100000000)
  region size 1024K, 4 young (4096K), 4 survivors (4096K)
 Metaspace       used 123352K, committed 124480K, reserved 557056K
  class space    used 17142K, committed 17728K, reserved 425984K
}
Event: 115.477 GC heap before
{Heap before GC invocations=68 (full 0):
 garbage-first heap   total 319488K, used 275401K [0x0000000080000000, 0x0000000100000000)
  region size 1024K, 26 young (26624K), 4 survivors (4096K)
 Metaspace       used 123800K, committed 124992K, reserved 557056K
  class space    used 17217K, committed 17856K, reserved 425984K
}
Event: 115.488 GC heap after
{Heap after GC invocations=69 (full 0):
 garbage-first heap   total 319488K, used 257024K [0x0000000080000000, 0x0000000100000000)
  region size 1024K, 4 young (4096K), 4 survivors (4096K)
 Metaspace       used 123800K, committed 124992K, reserved 557056K
  class space    used 17217K, committed 17856K, reserved 425984K
}
Event: 115.928 GC heap before
{Heap before GC invocations=69 (full 0):
 garbage-first heap   total 319488K, used 274432K [0x0000000080000000, 0x0000000100000000)
  region size 1024K, 22 young (22528K), 4 survivors (4096K)
 Metaspace       used 124206K, committed 125376K, reserved 557056K
  class space    used 17283K, committed 17920K, reserved 425984K
}
Event: 115.939 GC heap after
{Heap after GC invocations=70 (full 0):
 garbage-first heap   total 319488K, used 260790K [0x0000000080000000, 0x0000000100000000)
  region size 1024K, 3 young (3072K), 3 survivors (3072K)
 Metaspace       used 124206K, committed 125376K, reserved 557056K
  class space    used 17283K, committed 17920K, reserved 425984K
}
Event: 116.485 GC heap before
{Heap before GC invocations=70 (full 0):
 garbage-first heap   total 455680K, used 277174K [0x0000000080000000, 0x0000000100000000)
  region size 1024K, 19 young (19456K), 3 survivors (3072K)
 Metaspace       used 124402K, committed 125632K, reserved 557056K
  class space    used 17310K, committed 17920K, reserved 425984K
}
Event: 116.494 GC heap after
{Heap after GC invocations=71 (full 0):
 garbage-first heap   total 455680K, used 264757K [0x0000000080000000, 0x0000000100000000)
  region size 1024K, 3 young (3072K), 3 survivors (3072K)
 Metaspace       used 124402K, committed 125632K, reserved 557056K
  class space    used 17310K, committed 17920K, reserved 425984K
}
Event: 119.095 GC heap before
{Heap before GC invocations=72 (full 0):
 garbage-first heap   total 455680K, used 381493K [0x0000000080000000, 0x0000000100000000)
  region size 1024K, 100 young (102400K), 3 survivors (3072K)
 Metaspace       used 127912K, committed 129088K, reserved 557056K
  class space    used 17876K, committed 18496K, reserved 425984K
}
Event: 119.120 GC heap after
{Heap after GC invocations=73 (full 0):
 garbage-first heap   total 455680K, used 287518K [0x0000000080000000, 0x0000000100000000)
  region size 1024K, 13 young (13312K), 13 survivors (13312K)
 Metaspace       used 127912K, committed 129088K, reserved 557056K
  class space    used 17876K, committed 18496K, reserved 425984K
}
Event: 119.489 GC heap before
{Heap before GC invocations=73 (full 0):
 garbage-first heap   total 455680K, used 296734K [0x0000000080000000, 0x0000000100000000)
  region size 1024K, 22 young (22528K), 13 survivors (13312K)
 Metaspace       used 128233K, committed 129408K, reserved 557056K
  class space    used 17889K, committed 18496K, reserved 425984K
}
Event: 119.511 GC heap after
{Heap after GC invocations=74 (full 0):
 garbage-first heap   total 455680K, used 283564K [0x0000000080000000, 0x0000000100000000)
  region size 1024K, 2 young (2048K), 2 survivors (2048K)
 Metaspace       used 128233K, committed 129408K, reserved 557056K
  class space    used 17889K, committed 18496K, reserved 425984K
}
Event: 123.388 GC heap before
{Heap before GC invocations=74 (full 0):
 garbage-first heap   total 455680K, used 370604K [0x0000000080000000, 0x0000000100000000)
  region size 1024K, 87 young (89088K), 2 survivors (2048K)
 Metaspace       used 129718K, committed 130944K, reserved 557056K
  class space    used 18007K, committed 18624K, reserved 425984K
}

